<?xml version="1.0" encoding="UTF-8"?>
<testsuites>
  <testsuite name="fastlane.lanes">
    
      
      <testcase classname="fastlane.lanes" name="0: Verifying required fastlane version" time="0.000347">
        
      </testcase>
    
      
      <testcase classname="fastlane.lanes" name="1: default_platform" time="0.000308">
        
      </testcase>
    
      
      <testcase classname="fastlane.lanes" name="2: import_from_git" time="1.725024">
        
      </testcase>
    
      
      <testcase classname="fastlane.lanes" name="3: xcodebuild" time="16.145837">
        
      </testcase>
    
      
      <testcase classname="fastlane.lanes" name="4: xcodebuild" time="13.209651">
        
      </testcase>
    
      
      <testcase classname="fastlane.lanes" name="5: xcodebuild" time="0.354742">
        
          <failure message="/Library/Ruby/Gems/2.0.0/gems/fastlane-1.60.0/lib/fastlane/actions/actions_helper.rb:33:in `execute_action'&#10;/Library/Ruby/Gems/2.0.0/gems/fastlane-1.60.0/lib/fastlane/runner.rb:129:in `block in execute_action'&#10;/Library/Ruby/Gems/2.0.0/gems/fastlane-1.60.0/lib/fastlane/runner.rb:128:in `chdir'&#10;/Library/Ruby/Gems/2.0.0/gems/fastlane-1.60.0/lib/fastlane/runner.rb:128:in `execute_action'&#10;/Library/Ruby/Gems/2.0.0/gems/fastlane-1.60.0/lib/fastlane/fast_file.rb:149:in `method_missing'&#10;Fastfile:13:in `block (2 levels) in parsing_binding'&#10;/Library/Ruby/Gems/2.0.0/gems/fastlane-1.60.0/lib/fastlane/lane.rb:36:in `call'&#10;/Library/Ruby/Gems/2.0.0/gems/fastlane-1.60.0/lib/fastlane/lane.rb:36:in `call'&#10;/Library/Ruby/Gems/2.0.0/gems/fastlane-1.60.0/lib/fastlane/runner.rb:52:in `block in execute'&#10;/Library/Ruby/Gems/2.0.0/gems/fastlane-1.60.0/lib/fastlane/runner.rb:46:in `chdir'&#10;/Library/Ruby/Gems/2.0.0/gems/fastlane-1.60.0/lib/fastlane/runner.rb:46:in `execute'&#10;/Library/Ruby/Gems/2.0.0/gems/fastlane-1.60.0/lib/fastlane/lane_manager.rb:46:in `cruise_lane'&#10;/Library/Ruby/Gems/2.0.0/gems/fastlane-1.60.0/lib/fastlane/command_line_handler.rb:30:in `handle'&#10;/Library/Ruby/Gems/2.0.0/gems/fastlane-1.60.0/bin/fastlane:38:in `block (2 levels) in run'&#10;/Library/Ruby/Gems/2.0.0/gems/commander-4.3.5/lib/commander/command.rb:178:in `call'&#10;/Library/Ruby/Gems/2.0.0/gems/commander-4.3.5/lib/commander/command.rb:178:in `call'&#10;/Library/Ruby/Gems/2.0.0/gems/commander-4.3.5/lib/commander/command.rb:153:in `run'&#10;/Library/Ruby/Gems/2.0.0/gems/commander-4.3.5/lib/commander/runner.rb:428:in `run_active_command'&#10;/Library/Ruby/Gems/2.0.0/gems/fastlane_core-0.36.5/lib/fastlane_core/ui/fastlane_runner.rb:23:in `run!'&#10;/Library/Ruby/Gems/2.0.0/gems/commander-4.3.5/lib/commander/delegates.rb:15:in `run!'&#10;/Library/Ruby/Gems/2.0.0/gems/fastlane-1.60.0/bin/fastlane:150:in `run'&#10;/Library/Ruby/Gems/2.0.0/gems/fastlane-1.60.0/bin/fastlane:156:in `&lt;top (required)&gt;'&#10;/usr/local/bin/fastlane:23:in `load'&#10;/usr/local/bin/fastlane:23:in `&lt;main&gt;'&#10;&#10;Exit status of command 'set -o pipefail &amp;&amp; xcodebuild -project &quot;Campbell's Kitchen/Campbell's Kitchen.xcodeproj&quot; -scheme &quot;Campbell's Kitchen&quot; -sdk &quot;iphonesimulator&quot; test -destination 'platform=iOS Simulator,name=iPhone 6' | tee '/Users/brandenrussell/Library/Logs/fastlane/xcbuild/2016-02-25/59344/xcodebuild.log' | xcpretty --color --simple' was 66 instead of 0.&#10;2016-02-25 12:21:09.237 xcodebuild[59599:1549815] [MT] PluginLoading: Required plug-in compatibility UUID F41BD31E-2683-44B8-AE7F-5F09E919790E for plug-in at path '~/Library/Application Support/Developer/Shared/Xcode/Plug-ins/CocoaPods.xcplugin' not present in DVTPlugInCompatibilityUUIDs&#10;xcodebuild: error: 'Campbell's Kitchen/Campbell's Kitchen.xcodeproj' does not exist.&#10;" />
        
      </testcase>
    
  </testsuite>
</testsuites>
